\BOOKMARK [0][]{chapter*.1}{Contents}{}% 1
\BOOKMARK [0][]{chapter*.2}{List of Figures}{}% 2
\BOOKMARK [0][]{chapter*.3}{List of Tables}{}% 3
\BOOKMARK [0][]{chapter.1}{1 Introduction}{}% 4
\BOOKMARK [1][]{section.1.1}{1.1 Background}{chapter.1}% 5
\BOOKMARK [1][]{section.1.2}{1.2 Human labour}{chapter.1}% 6
\BOOKMARK [2][]{subsection.1.2.1}{1.2.1 Cardinal movements}{section.1.2}% 7
\BOOKMARK [2][]{subsection.1.2.2}{1.2.2 Problematic labour}{section.1.2}% 8
\BOOKMARK [2][]{subsection.1.2.3}{1.2.3 Childbirth simulators}{section.1.2}% 9
\BOOKMARK [1][]{section.1.3}{1.3 Reverse vs Forward engineered approaches}{chapter.1}% 10
\BOOKMARK [1][]{section.1.4}{1.4 Finite element method in surgical simulations}{chapter.1}% 11
\BOOKMARK [1][]{section.1.5}{1.5 Report overview}{chapter.1}% 12
\BOOKMARK [0][]{chapter.2}{2 Literature Review}{}% 13
\BOOKMARK [1][]{section.2.1}{2.1 Introduction to Literature Review}{chapter.2}% 14
\BOOKMARK [0][]{chapter.3}{3 Methodology}{}% 15
\BOOKMARK [1][]{section.3.1}{3.1 Overview}{chapter.3}% 16
\BOOKMARK [1][]{section.3.2}{3.2 Forwards-engineered Childbirth Simulation}{chapter.3}% 17
\BOOKMARK [1][]{section.3.3}{3.3 Simulation System Engineering}{chapter.3}% 18
\BOOKMARK [1][]{section.3.4}{3.4 Finite Element Method based childbrith simulation}{chapter.3}% 19
\BOOKMARK [1][]{section.3.5}{3.5 Parallel FEA Simulations Using GPU }{chapter.3}% 20
\BOOKMARK [0][]{chapter.4}{4 Future Work}{}% 21
\BOOKMARK [1][]{section.4.1}{4.1 Experiments}{chapter.4}% 22
\BOOKMARK [2][]{subsection.4.1.1}{4.1.1 Bony structures with a basic pelvic floor model}{section.4.1}% 23
\BOOKMARK [1][]{section.4.2}{4.2 Volumetric mesh generation}{chapter.4}% 24
\BOOKMARK [1][]{section.4.3}{4.3 Improved contact model}{chapter.4}% 25
\BOOKMARK [0][]{chapter.5}{5 Proposed Thesis Structure}{}% 26
\BOOKMARK [0][]{chapter*.5}{Bibliography}{}% 27
\BOOKMARK [0][]{chapter.6}{6 Appendices}{}% 28
\BOOKMARK [1][]{section.6.1}{6.1 BirthView application screenshots}{chapter.6}% 29
